Сборка начата 19.11.2018 19:32:05.
     1>Проект "C:\Users\User\Documents\Visual Studio 2013\Projects\Tanks\Tanks\Tanks.vcxproj" в узле 2 (целевые объекты Build).
     1>ClCompile:
         C:\Program Files (x86)\Microsoft Visual Studio 12.0\VC\bin\CL.exe /c /ZI /nologo /W3 /WX- /Od /Oy- /D _MBCS /Gm /EHsc /RTC1 /MDd /GS /fp:precise /Zc:wchar_t /Zc:forScope /Fo"Debug\\" /Fd"Debug\vc120.pdb" /Gd /TP /analyze- /errorReport:prompt Initialization.cpp
         Initialization.cpp
       Link:
         C:\Program Files (x86)\Microsoft Visual Studio 12.0\VC\bin\link.exe /ERRORREPORT:PROMPT /OUT:"C:\Users\User\Documents\Visual Studio 2013\Projects\Tanks\Debug\Tanks.exe" /INCREMENTAL /NOLOGO kernel32.lib user32.lib gdi32.lib winspool.lib comdlg32.lib advapi32.lib shell32.lib ole32.lib oleaut32.lib uuid.lib odbc32.lib odbccp32.lib /MANIFEST /MANIFESTUAC:"level='asInvoker' uiAccess='false'" /manifest:embed /DEBUG /PDB:"C:\Users\User\Documents\Visual Studio 2013\Projects\Tanks\Debug\Tanks.pdb" /TLBID:1 /DYNAMICBASE /NXCOMPAT /IMPLIB:"C:\Users\User\Documents\Visual Studio 2013\Projects\Tanks\Debug\Tanks.lib" /MACHINE:X86 Debug\body.obj
         Debug\body_presets.obj
         Debug\destroyable.obj
         Debug\game.obj
         Debug\Initialization.obj
         Debug\line.obj
         Debug\menu.obj
         Debug\moveObj.obj
         Debug\obj.obj
         Debug\directionControls.obj
         Debug\pathBlocker.obj
         Debug\point.obj
         Debug\rectangle.obj
         Tanks.vcxproj -> C:\Users\User\Documents\Visual Studio 2013\Projects\Tanks\Debug\Tanks.exe
     1>Сборка проекта "C:\Users\User\Documents\Visual Studio 2013\Projects\Tanks\Tanks\Tanks.vcxproj" завершена (целевые объекты Build).

Сборка успешно завершена.

Затраченное время: 00:00:03.09
